[2019-03-25 03:10:01] upload_image.INFO: Start load image.. [] []
[2019-03-25 03:10:01] upload_image.INFO: 1 [] []
[2019-03-25 03:10:01] upload_image.INFO: 1 [] []
[2019-03-25 03:10:01] upload_image.INFO:  [] []
[2019-03-25 03:18:32] upload_image.INFO: 1 [] []
[2019-03-25 03:18:32] upload_image.INFO:  [] []
[2019-03-25 03:24:17] upload_image.INFO: 1 [] []
[2019-03-25 03:24:17] upload_image.INFO: C:\Users\Jeonghoon\AppData\Local\Temp\php8D32.tmp [] []
[2019-03-25 03:24:17] upload_image.INFO: file is set [] []
[2019-03-25 03:26:46] upload_image.INFO: Upload image file [] []
[2019-03-25 03:26:46] upload_image.INFO: file is upload../public/img/book_cover1.png [] []
[2019-03-25 03:30:48] upload_image.INFO: Upload image file [] []
[2019-03-25 03:30:48] upload_image.INFO: file is upload../public/img/book_cover1.png [] []
[2019-03-25 03:32:38] upload_image.INFO: Upload image file [] []
[2019-03-25 03:32:38] upload_image.INFO: file is upload../public/img/book_cover1.png [] []
[2019-03-25 03:33:00] upload_image.INFO: Upload image file [] []
[2019-03-25 03:33:00] upload_image.INFO: file is upload../public/img/book_cover1.png [] []
[2019-03-25 03:36:59] upload_image.INFO: Upload image file [] []
[2019-03-25 03:36:59] upload_image.INFO: file is upload../public/img/book_cover1.png [] []
[2019-03-25 03:42:59] upload_image.INFO: Upload image file [] []
[2019-03-25 03:42:59] upload_image.INFO: file is upload../public/img/book_cover1.png [] []
[2019-03-25 03:43:57] upload_image.INFO: Upload image file [] []
[2019-03-25 03:43:57] upload_image.INFO: file is upload../public/img/book_cover1.png [] []
[2019-03-25 03:47:23] upload_image.INFO: Upload image file [] []
[2019-03-25 03:47:23] upload_image.INFO: file is upload../public/img/book_cover1.png [] []
[2019-03-25 03:48:08] upload_image.INFO: Upload image file [] []
[2019-03-25 03:48:08] upload_image.INFO: file is upload../public/img/book_cover1.png [] []
[2019-03-25 03:48:29] upload_image.INFO: Upload image file [] []
[2019-03-25 03:48:29] upload_image.INFO: file is upload../public/img/book_cover1.png [] []
[2019-03-25 03:49:21] upload_image.INFO: Upload image file [] []
[2019-03-25 03:49:21] upload_image.INFO: file is upload../public/img/book_cover1.png [] []
[2019-03-25 03:49:45] upload_image.INFO: Upload image file [] []
[2019-03-25 03:49:45] upload_image.INFO: file is upload../public/img/book_cover1.png [] []
[2019-03-25 03:50:11] upload_image.INFO: Upload image file [] []
[2019-03-25 03:50:11] upload_image.INFO: file is upload../public/img/book_cover1.png [] []
